{"level":30,"time":"2025-11-08T21:50:23.052Z","msg":"[startup_config] Set Windows Application User Model ID (AUMID) {\"AUMID\":\"org.whispersystems.signal-desktop\"}"}
{"level":30,"time":"2025-11-08T21:50:23.074Z","msg":"[base_config] config/get: Successfully read user config file"}
{"level":30,"time":"2025-11-08T21:50:23.150Z","msg":"[base_config] config/get: Successfully read ephemeral config file"}
{"level":30,"time":"2025-11-08T21:50:23.204Z","msg":"[app/main] making app single instance"}
{"level":30,"time":"2025-11-08T21:50:23.515Z","msg":"[app/main] got fast localeOverride setting null"}
{"level":30,"time":"2025-11-08T21:50:23.516Z","msg":"[app/main] app.ready: hour cycle preference: UnknownPreference"}
{"level":30,"time":"2025-11-08T21:50:23.516Z","msg":"[app/main] app.ready: preferred system locales: [\"en-US\",\"en\"]"}
{"level":30,"time":"2025-11-08T21:50:23.516Z","msg":"[app/main] locale: Supported locales: af-ZA, ar, az-AZ, bg-BG, bn-BD, bs-BA, ca, cs, da, de, el, en, es, et-EE, eu, fa-IR, fi, fr, ga-IE, gl-ES, gu-IN, he, hi-IN, hr-HR, hu, id, it, ja, ka-GE, kk-KZ, km-KH, kn-IN, ko, ky-KG, lt-LT, lv-LV, mk-MK, ml-IN, mr-IN, ms, my, nb, nl, pa-IN, pl, pt-BR, pt-PT, ro-RO, ru, sk-SK, sl-SI, sq-AL, sr, sv, sw, ta-IN, te-IN, th, tl-PH, tr, ug, uk-UA, ur, vi, yue, zh-CN, zh-HK, zh-Hant"}
{"level":30,"time":"2025-11-08T21:50:23.516Z","msg":"[app/main] locale: Preferred locales: en-US, en"}
{"level":30,"time":"2025-11-08T21:50:23.516Z","msg":"[app/main] locale: Locale Override: null"}
{"level":30,"time":"2025-11-08T21:50:23.519Z","msg":"[app/main] locale: Matched locale: en"}
{"level":40,"time":"2025-11-08T21:50:23.559Z","msg":"[setupI18nMain] intl.onWarn [@formatjs/intl] \"defaultRichTextElements\" was specified but \"message\" was not pre-compiled. \nPlease consider using \"@formatjs/cli\" to pre-compile your messages for performance.\nFor more details see https://formatjs.github.io/docs/getting-started/message-distribution"}
{"level":30,"time":"2025-11-08T21:50:23.559Z","msg":"[app/main] locale: Text info direction for en: ltr"}
{"level":30,"time":"2025-11-08T21:50:23.560Z","msg":"[app/main] getSQLKey: using legacy key"}
{"level":30,"time":"2025-11-08T21:50:23.560Z","msg":"[SystemTraySettingCache] getSystemTraySetting got value DoNotUseSystemTray"}
{"level":30,"time":"2025-11-08T21:50:23.561Z","msg":"[SystemTraySettingCache] getSystemTraySetting returning DoNotUseSystemTray"}
{"level":30,"time":"2025-11-08T21:50:23.561Z","msg":"[app/main] app ready"}
{"level":30,"time":"2025-11-08T21:50:23.562Z","msg":"[app/main] starting version 7.76.0"}
{"level":30,"time":"2025-11-08T21:50:23.562Z","msg":"[app/main] media access status [object Undefined] [object Undefined] [object Undefined]"}
{"level":30,"time":"2025-11-08T21:50:23.564Z","msg":"[app/main] got fast theme-setting value system"}
{"level":30,"time":"2025-11-08T21:50:23.575Z","msg":"[app/main] got fast spellcheck setting true"}
{"level":30,"time":"2025-11-08T21:50:23.576Z","msg":"[app/main] got fast theme-setting value system"}
{"level":30,"time":"2025-11-08T21:50:23.576Z","msg":"[app/main] got fast spellcheck setting true"}
{"level":30,"time":"2025-11-08T21:50:23.577Z","msg":"[app/main] visibleOnAnyScreen(window): x=0, y=0, width=1256, height=723"}
{"level":30,"time":"2025-11-08T21:50:23.577Z","msg":"[app/main] visibleOnAnyScreen(display #61): x=0, y=0, width=1280, height=800"}
{"level":30,"time":"2025-11-08T21:50:23.578Z","msg":"[app/main] Initializing BrowserWindow config: {\"show\":false,\"width\":1256,\"height\":723,\"minWidth\":300,\"minHeight\":200,\"autoHideMenuBar\":false,\"titleBarStyle\":\"default\",\"backgroundColor\":\"#121212\",\"webPreferences\":{\"devTools\":false,\"spellcheck\":true,\"enablePreferredSizeMode\":true,\"nodeIntegration\":false,\"nodeIntegrationInWorker\":false,\"sandbox\":false,\"contextIsolation\":true,\"preload\":\"[REDACTED]/preload.wrapper.js\"},\"icon\":\"[REDACTED]/images/signal-logo-desktop-linux.png\",\"x\":0,\"y\":0}"}
{"level":30,"time":"2025-11-08T21:50:23.630Z","msg":"[spell_check] spellcheck: user locales: [\"en-US\",\"en\"]"}
{"level":30,"time":"2025-11-08T21:50:23.630Z","msg":"[spell_check] spellcheck: available spellchecker languages: [\"af\",\"bg\",\"ca\",\"cs\",\"cy\",\"da\",\"de\",\"de-DE\",\"el\",\"en\",\"en-AU\",\"en-CA\",\"en-GB\",\"en-GB-oxendict\",\"en-US\",\"es\",\"es-419\",\"es-AR\",\"es-ES\",\"es-MX\",\"es-US\",\"et\",\"fa\",\"fo\",\"fr\",\"fr-FR\",\"he\",\"hi\",\"hr\",\"hu\",\"hy\",\"id\",\"it\",\"it-IT\",\"ko\",\"lt\",\"lv\",\"nb\",\"nl\",\"pl\",\"pt\",\"pt-BR\",\"pt-PT\",\"ro\",\"ru\",\"sh\",\"sk\",\"sl\",\"sq\",\"sr\",\"sv\",\"ta\",\"tg\",\"tr\",\"uk\",\"vi\"]"}
{"level":30,"time":"2025-11-08T21:50:23.630Z","msg":"[spell_check] spellcheck: setting languages to: [\"en-US\",\"en\"]"}
{"level":30,"time":"2025-11-08T21:50:23.789Z","msg":"[app/main] MainSQL: updateSchema:\n  Current user_version: 1490;\n  Most recent db schema: 1490;\n  SQLite version: 3.50.4;\n  SQLCipher version: 4.10.0 community;\n  (deprecated) schema_version: 567;\n"}
{"level":30,"time":"2025-11-08T21:50:24.177Z","msg":"[app/main] Updating BrowserWindow config: {\"maximized\":true,\"autoHideMenuBar\":false,\"fullscreen\":false,\"width\":621,\"height\":723,\"x\":0,\"y\":0}"}
{"level":30,"time":"2025-11-08T21:50:24.179Z","msg":"[base_config] config/set: Saving ephemeral config to disk"}
{"level":30,"time":"2025-11-08T21:50:24.199Z","msg":"[base_config] config/set: Saved ephemeral config to disk"}
{"level":30,"time":"2025-11-08T21:50:24.257Z","msg":"[app/main] got fast theme-setting value system"}
{"level":30,"time":"2025-11-08T21:50:24.997Z","msg":"[app/main] main window webContents did-finish-load"}
{"level":30,"time":"2025-11-08T21:50:24.997Z","msg":"[app/main] showing main window"}
{"level":30,"time":"2025-11-08T21:50:25.004Z","msg":"[SystemTrayService] System tray service: created"}
{"level":30,"time":"2025-11-08T21:50:25.004Z","msg":"[SystemTrayService] System tray service: updating main window. Previously, there was not a window, and now there is"}
{"level":30,"time":"2025-11-08T21:50:25.004Z","msg":"[SystemTrayService] System tray service: rendering no tray"}
{"level":30,"time":"2025-11-08T21:50:25.004Z","msg":"[app/main] Begin ensuring permissions"}
{"level":30,"time":"2025-11-08T21:50:25.007Z","msg":"[app/main] Ensuring file permissions for 4 files"}
{"level":30,"time":"2025-11-08T21:50:25.009Z","msg":"[app/main] Finish ensuring permissions in 5ms"}
{"level":50,"time":"2025-11-08T21:50:25.104Z","msg":"[app/main] [updater] Error starting update checks: Error: ENOENT: no such file or directory, watch '/usr/lib/signal-desktop/.signal-postinst'\n    at FSWatcher.<computed> (node:internal/fs/watchers:254:19)\n    at watch (node:fs:2549:36)\n    at initLinux ([REDACTED]/ts/updater/linux.js:93:28)\n    at Object.start ([REDACTED]/ts/updater/index.js:65:32)\n    at IpcMainImpl.readyForUpdates ([REDACTED]/app/main.js:835:19)\n    at Object.onceWrapper (node:events:634:26)\n    at IpcMainImpl.emit (node:events:519:28)\n    at Session.<anonymous> (node:electron/js2c/browser_init:2:106453)\n    at Session.emit (node:events:519:28)"}
{"level":30,"time":"2025-11-08T21:50:25.264Z","msg":"[PreventDisplaySleepService] Prevent display sleep service: allowing display sleep"}
{"level":40,"time":"2025-11-08T21:50:25.269Z","msg":"[OptionalResourceService] loaded emoji-index-en.json from disk"}
{"level":30,"time":"2025-11-08T21:50:26.321Z","msg":"[app/main] before-quit event {\"readyForShutdown\":false,\"shouldQuit\":false,\"hasEventBeenPrevented\":false,\"windowCount\":1,\"mainWindowExists\":true,\"mainWindowIsFullScreen\":false}"}
{"level":30,"time":"2025-11-08T21:50:26.321Z","msg":"[SystemTrayService] System tray service: markShouldQuit"}
{"level":30,"time":"2025-11-08T21:50:26.322Z","msg":"[app/main] close event {\"readyForShutdown\":false,\"shouldQuit\":true}"}
{"level":30,"time":"2025-11-08T21:50:26.323Z","msg":"[app/main] maybeRequestCloseConfirmation: Checking to see if close confirmation is needed"}
{"level":30,"time":"2025-11-08T21:50:26.325Z","msg":"[app/main] maybeRequestCloseConfirmation: Response received"}
{"level":30,"time":"2025-11-08T21:50:26.326Z","msg":"[SystemTrayService] System tray service: rendering no tray"}
{"level":30,"time":"2025-11-08T21:50:26.327Z","msg":"[app/main] requestShutdown: Requesting close of mainWindow..."}
{"level":30,"time":"2025-11-08T21:50:26.345Z","msg":"[app/main] requestShutdown: Response received"}
{"level":30,"time":"2025-11-08T21:50:26.391Z","msg":"[app/main] before-quit event {\"readyForShutdown\":true,\"shouldQuit\":true,\"hasEventBeenPrevented\":false,\"windowCount\":1,\"mainWindowExists\":true,\"mainWindowIsFullScreen\":false}"}
{"level":30,"time":"2025-11-08T21:50:26.391Z","msg":"[SystemTrayService] System tray service: markShouldQuit"}
{"level":30,"time":"2025-11-08T21:50:26.391Z","msg":"[app/main] close event {\"readyForShutdown\":true,\"shouldQuit\":true}"}
{"level":30,"time":"2025-11-08T21:50:26.397Z","msg":"[app/main] main window closed event"}
{"level":30,"time":"2025-11-08T21:50:26.397Z","msg":"[SystemTrayService] System tray service: updating main window. Previously, there was a window, and now there is not"}
{"level":30,"time":"2025-11-08T21:50:26.397Z","msg":"[SystemTrayService] System tray service: rendering no tray"}
{"level":30,"time":"2025-11-08T21:50:26.397Z","msg":"[app/main] will-quit event {\"hasEventBeenPrevented\":false,\"windowCount\":0,\"mainWindowExists\":false}"}
{"level":30,"time":"2025-11-08T21:50:26.398Z","msg":"[app/main] quit event {\"hasEventBeenPrevented\":false,\"windowCount\":0,\"mainWindowExists\":false}"}
