2025-12-20 23:00:15,164 DEBUG    root            Loaded Command Group: ['gcloud', 'components']
2025-12-20 23:00:15,354 DEBUG    root            Loaded Command Group: ['gcloud', 'components', 'install']
2025-12-20 23:00:15,357 DEBUG    root            Running [gcloud.components.install] with arguments: [--quiet: "True", COMPONENT-IDS:1: "['gke-gcloud-auth-plugin']"]
2025-12-20 23:00:15,422 DEBUG    urllib3.connectionpool Starting new HTTPS connection (1): dl.google.com:443
2025-12-20 23:01:16,377 DEBUG    urllib3.connectionpool https://dl.google.com:443 "GET /dl/cloudsdk/channels/rapid/components-v550.0.0.json HTTP/1.1" 200 24727
2025-12-20 23:01:16,423 INFO     ___FILE_ONLY___ 

2025-12-20 23:01:16,425 INFO     ___FILE_ONLY___ 
Your current Google Cloud CLI version is: 550.0.0

2025-12-20 23:01:16,425 INFO     ___FILE_ONLY___ Installing components from version: 550.0.0

2025-12-20 23:01:16,425 INFO     ___FILE_ONLY___ 

2025-12-20 23:01:16,426 DEBUG    root            Chosen display Format:table[box,title="These components will be removed."](details.display_name:label=Name:align=left,version.version_string:label=Version:align=right,data.size.size(zero="",min=1048576):label=Size:align=right)
2025-12-20 23:01:16,426 DEBUG    root            Chosen display Format:table[box,title="These components will be updated."](details.display_name:label=Name:align=left,version.version_string:label=Version:align=right,data.size.size(zero="",min=1048576):label=Size:align=right)
2025-12-20 23:01:16,426 DEBUG    root            Chosen display Format:table[box,title="These components will be installed."](details.display_name:label=Name:align=left,version.version_string:label=Version:align=right,data.size.size(zero="",min=1048576):label=Size:align=right)
2025-12-20 23:01:16,458 INFO     ___FILE_ONLY___ ┌────────────────────────────────────────────────────────────────┐
2025-12-20 23:01:16,458 INFO     ___FILE_ONLY___ 

2025-12-20 23:01:16,458 INFO     ___FILE_ONLY___ │              These components will be installed.               │
2025-12-20 23:01:16,458 INFO     ___FILE_ONLY___ 

2025-12-20 23:01:16,458 INFO     ___FILE_ONLY___ ├────────────────────────────────────────────┬─────────┬─────────┤
2025-12-20 23:01:16,458 INFO     ___FILE_ONLY___ 

2025-12-20 23:01:16,458 INFO     ___FILE_ONLY___ │                    Name                    │ Version │   Size  │
2025-12-20 23:01:16,458 INFO     ___FILE_ONLY___ 

2025-12-20 23:01:16,458 INFO     ___FILE_ONLY___ ├────────────────────────────────────────────┼─────────┼─────────┤
2025-12-20 23:01:16,458 INFO     ___FILE_ONLY___ 

2025-12-20 23:01:16,458 INFO     ___FILE_ONLY___ │ 
2025-12-20 23:01:16,458 INFO     ___FILE_ONLY___ gke-gcloud-auth-plugin (Platform Specific)
2025-12-20 23:01:16,458 INFO     ___FILE_ONLY___  
2025-12-20 23:01:16,458 INFO     ___FILE_ONLY___ │ 
2025-12-20 23:01:16,459 INFO     ___FILE_ONLY___  0.5.10
2025-12-20 23:01:16,459 INFO     ___FILE_ONLY___  
2025-12-20 23:01:16,459 INFO     ___FILE_ONLY___ │ 
2025-12-20 23:01:16,459 INFO     ___FILE_ONLY___ 3.5 MiB
2025-12-20 23:01:16,459 INFO     ___FILE_ONLY___  
2025-12-20 23:01:16,459 INFO     ___FILE_ONLY___ │
2025-12-20 23:01:16,459 INFO     ___FILE_ONLY___ 

2025-12-20 23:01:16,459 INFO     ___FILE_ONLY___ └────────────────────────────────────────────┴─────────┴─────────┘
2025-12-20 23:01:16,459 INFO     ___FILE_ONLY___ 

2025-12-20 23:01:16,459 INFO     ___FILE_ONLY___ 

2025-12-20 23:01:16,461 DEBUG    urllib3.connectionpool Starting new HTTPS connection (1): dl.google.com:443
2025-12-20 23:02:16,742 DEBUG    urllib3.connectionpool https://dl.google.com:443 "GET /dl/cloudsdk/channels/rapid/RELEASE_NOTES HTTP/1.1" 200 343926
2025-12-20 23:02:17,446 INFO     ___FILE_ONLY___ For the latest full release notes, please visit:
  https://cloud.google.com/sdk/release_notes


2025-12-20 23:02:17,446 INFO     ___FILE_ONLY___ Performing in place update...


2025-12-20 23:02:17,447 INFO     ___FILE_ONLY___ ╔════════════════════════════════════════════════════════════╗

2025-12-20 23:02:17,447 INFO     ___FILE_ONLY___ ╠═ Downloading: gke-gcloud-auth-plugin                      ═╣

2025-12-20 23:02:17,447 INFO     ___FILE_ONLY___ ╚
2025-12-20 23:02:17,447 INFO     ___FILE_ONLY___ ════════════════════════════════════════════════════════════
2025-12-20 23:02:17,447 INFO     ___FILE_ONLY___ ╝

2025-12-20 23:02:17,447 INFO     ___FILE_ONLY___ ╔════════════════════════════════════════════════════════════╗

2025-12-20 23:02:17,447 INFO     ___FILE_ONLY___ ╠═ Downloading: gke-gcloud-auth-plugin (Platform Specific)  ═╣

2025-12-20 23:02:17,447 INFO     ___FILE_ONLY___ ╚
2025-12-20 23:02:17,450 DEBUG    urllib3.connectionpool Starting new HTTPS connection (1): dl.google.com:443
2025-12-20 23:03:17,648 DEBUG    urllib3.connectionpool https://dl.google.com:443 "GET /dl/cloudsdk/channels/rapid/components/google-cloud-sdk-gke-gcloud-auth-plugin-linux-x86_64-20250117151628.tar.gz HTTP/1.1" 200 3667085
2025-12-20 23:03:18,677 INFO     ___FILE_ONLY___ ═
2025-12-20 23:03:18,678 INFO     ___FILE_ONLY___ ═
2025-12-20 23:03:18,678 INFO     ___FILE_ONLY___ ═
2025-12-20 23:03:18,678 INFO     ___FILE_ONLY___ ═
2025-12-20 23:03:18,678 INFO     ___FILE_ONLY___ ═
2025-12-20 23:03:18,678 INFO     ___FILE_ONLY___ ═
2025-12-20 23:03:18,678 INFO     ___FILE_ONLY___ ═
2025-12-20 23:03:18,679 INFO     ___FILE_ONLY___ ═
2025-12-20 23:03:18,679 INFO     ___FILE_ONLY___ ═
2025-12-20 23:03:18,679 INFO     ___FILE_ONLY___ ═
2025-12-20 23:03:18,679 INFO     ___FILE_ONLY___ ═
2025-12-20 23:03:18,679 INFO     ___FILE_ONLY___ ═
2025-12-20 23:03:18,679 INFO     ___FILE_ONLY___ ═
2025-12-20 23:03:18,679 INFO     ___FILE_ONLY___ ═
2025-12-20 23:03:18,680 INFO     ___FILE_ONLY___ ═
2025-12-20 23:03:18,680 INFO     ___FILE_ONLY___ ═
2025-12-20 23:03:18,680 INFO     ___FILE_ONLY___ ═
2025-12-20 23:03:18,680 INFO     ___FILE_ONLY___ ═
2025-12-20 23:03:18,680 INFO     ___FILE_ONLY___ ═
2025-12-20 23:03:18,680 INFO     ___FILE_ONLY___ ═
2025-12-20 23:03:18,680 INFO     ___FILE_ONLY___ ═
2025-12-20 23:03:18,681 INFO     ___FILE_ONLY___ ═
2025-12-20 23:03:18,681 INFO     ___FILE_ONLY___ ═
2025-12-20 23:03:18,681 INFO     ___FILE_ONLY___ ═
2025-12-20 23:03:18,681 INFO     ___FILE_ONLY___ ═
2025-12-20 23:03:18,681 INFO     ___FILE_ONLY___ ═
2025-12-20 23:03:18,681 INFO     ___FILE_ONLY___ ═
2025-12-20 23:03:18,681 INFO     ___FILE_ONLY___ ═
2025-12-20 23:03:18,682 INFO     ___FILE_ONLY___ ═
2025-12-20 23:03:18,682 INFO     ___FILE_ONLY___ ═
2025-12-20 23:03:18,682 INFO     ___FILE_ONLY___ ═
2025-12-20 23:03:18,682 INFO     ___FILE_ONLY___ ═
2025-12-20 23:03:18,682 INFO     ___FILE_ONLY___ ═
2025-12-20 23:03:18,682 INFO     ___FILE_ONLY___ ═
2025-12-20 23:03:18,682 INFO     ___FILE_ONLY___ ═
2025-12-20 23:03:18,683 INFO     ___FILE_ONLY___ ═
2025-12-20 23:03:18,683 INFO     ___FILE_ONLY___ ═
2025-12-20 23:03:18,683 INFO     ___FILE_ONLY___ ═
2025-12-20 23:03:18,683 INFO     ___FILE_ONLY___ ═
2025-12-20 23:03:18,683 INFO     ___FILE_ONLY___ ═
2025-12-20 23:03:18,683 INFO     ___FILE_ONLY___ ═
2025-12-20 23:03:18,683 INFO     ___FILE_ONLY___ ═
2025-12-20 23:03:18,684 INFO     ___FILE_ONLY___ ═
2025-12-20 23:03:18,684 INFO     ___FILE_ONLY___ ═
2025-12-20 23:03:18,684 INFO     ___FILE_ONLY___ ═
2025-12-20 23:03:18,684 INFO     ___FILE_ONLY___ ═
2025-12-20 23:03:18,684 INFO     ___FILE_ONLY___ ═
2025-12-20 23:03:18,684 INFO     ___FILE_ONLY___ ═
2025-12-20 23:03:18,684 INFO     ___FILE_ONLY___ ═
2025-12-20 23:03:18,685 INFO     ___FILE_ONLY___ ═
2025-12-20 23:03:18,685 INFO     ___FILE_ONLY___ ═
2025-12-20 23:03:18,685 INFO     ___FILE_ONLY___ ═
2025-12-20 23:03:18,685 INFO     ___FILE_ONLY___ ═
2025-12-20 23:03:18,685 INFO     ___FILE_ONLY___ ═
2025-12-20 23:03:18,685 INFO     ___FILE_ONLY___ ═
2025-12-20 23:03:18,685 INFO     ___FILE_ONLY___ ═
2025-12-20 23:03:18,686 INFO     ___FILE_ONLY___ ═
2025-12-20 23:03:18,686 INFO     ___FILE_ONLY___ ═
2025-12-20 23:03:18,686 INFO     ___FILE_ONLY___ ═
2025-12-20 23:03:18,686 INFO     ___FILE_ONLY___ ═
2025-12-20 23:03:18,686 INFO     ___FILE_ONLY___ ╝

2025-12-20 23:03:18,687 INFO     ___FILE_ONLY___ ╔════════════════════════════════════════════════════════════╗

2025-12-20 23:03:18,687 INFO     ___FILE_ONLY___ ╠═ Installing: gke-gcloud-auth-plugin                       ═╣

2025-12-20 23:03:18,687 INFO     ___FILE_ONLY___ ╚
2025-12-20 23:03:18,691 INFO     ___FILE_ONLY___ ════════════════════════════════════════════════════════════
2025-12-20 23:03:18,692 INFO     ___FILE_ONLY___ ╝

2025-12-20 23:03:18,692 INFO     ___FILE_ONLY___ ╔════════════════════════════════════════════════════════════╗

2025-12-20 23:03:18,692 INFO     ___FILE_ONLY___ ╠═ Installing: gke-gcloud-auth-plugin (Platform Specific)   ═╣

2025-12-20 23:03:18,692 INFO     ___FILE_ONLY___ ╚
2025-12-20 23:03:18,829 INFO     ___FILE_ONLY___ ════════════════════════════════════════════════════════════
2025-12-20 23:03:18,829 INFO     ___FILE_ONLY___ ╝

2025-12-20 23:03:18,834 DEBUG    root            Updating notification cache...
2025-12-20 23:03:18,835 INFO     ___FILE_ONLY___ 

2025-12-20 23:03:18,835 INFO     ___FILE_ONLY___ Performing post processing steps...
2025-12-20 23:03:18,835 DEBUG    root            Executing command: ['/home/eivl/.cache/yay/google-cloud-cli/src/google-cloud-sdk/bin/gcloud', 'components', 'post-process']
2025-12-20 23:03:26,894 DEBUG    ___FILE_ONLY___ 
2025-12-20 23:03:26,894 DEBUG    ___FILE_ONLY___ 
2025-12-20 23:03:27,148 INFO     root            descriptor_list: [{'universeDomain': 'googleapis.com', 'universeShortName': '', 'authenticationDomain': 'auth.cloud.google.com', 'projectPrefix': '', 'cloudWebDomain': 'cloud.google.com', 'documentationDomain': 'cloud.google.com', 'version': '1.0.0', 'state': 'primary', 'artifactRegistryDomain': 'pkg.dev'}]
2025-12-20 23:03:27,149 INFO     ___FILE_ONLY___ 
Update done!


2025-12-20 23:03:27,152 WARNING  root              There are other instances of Google Cloud tools on your system PATH.
  Please remove the following to avoid confusion or accidental invocation:

  /opt/google-cloud-cli/bin/gke-gcloud-auth-plugin
/opt/google-cloud-cli/bin/git-credential-gcloud.sh
/opt/google-cloud-cli/bin/gcloud
/opt/google-cloud-cli/bin/docker-credential-gcloud
/opt/google-cloud-cli/bin/gcloud-crc32c

  
2025-12-20 23:03:27,155 DEBUG    root            Chosen display Format:none
2025-12-20 23:03:27,156 INFO     root            Display format: "none"
